<?xml version="1.0" encoding="UTF-8" ?>
<testsuite tests="10" failures="0" name="TestSuite" time="20.354" errors="0" skipped="0">
  <properties>
    <property name="java.vendor" value="Oracle Corporation"/>
    <property name="JOB_NAME" value="FreeCRMJob_Local"/>
    <property name="sun.java.launcher" value="SUN_STANDARD"/>
    <property name="NUMBER_OF_PROCESSORS" value="4"/>
    <property name="sun.management.compiler" value="HotSpot 64-Bit Tiered Compilers"/>
    <property name="JENKINS_HOME" value="C:\Users\utpalforever\.jenkins"/>
    <property name="FPS_BROWSER_USER_PROFILE_STRING" value="Default"/>
    <property name="HUDSON_SERVER_COOKIE" value="ce0b5cc2344a6f6c"/>
    <property name="POM_ARTIFACTID" value="POM_Approach"/>
    <property name="os.name" value="Windows 10"/>
    <property name="sun.boot.class.path" value="C:\Program Files\Java\jre1.8.0_212\lib\resources.jar;C:\Program Files\Java\jre1.8.0_212\lib\rt.jar;C:\Program Files\Java\jre1.8.0_212\lib\sunrsasign.jar;C:\Program Files\Java\jre1.8.0_212\lib\jsse.jar;C:\Program Files\Java\jre1.8.0_212\lib\jce.jar;C:\Program Files\Java\jre1.8.0_212\lib\charsets.jar;C:\Program Files\Java\jre1.8.0_212\lib\jfr.jar;C:\Program Files\Java\jre1.8.0_212\classes"/>
    <property name="EXECUTOR_NUMBER" value="0"/>
    <property name="sun.desktop" value="windows"/>
    <property name="PATHEXT" value=".COM;.EXE;.BAT;.CMD;.VBS;.VBE;.JS;.JSE;.WSF;.WSH;.MSC"/>
    <property name="java.vm.specification.vendor" value="Oracle Corporation"/>
    <property name="POM_DISPLAYNAME" value="POM_Approach"/>
    <property name="NODE_LABELS" value="master"/>
    <property name="TEMP" value="C:\Users\UTPALF~1\AppData\Local\Temp"/>
    <property name="java.runtime.version" value="1.8.0_212-b10"/>
    <property name="FPS_BROWSER_APP_PROFILE_STRING" value="Internet Explorer"/>
    <property name="user.name" value="utpalforever"/>
    <property name="guice.disable.misplaced.annotation.check" value="true"/>
    <property name="CommonProgramW6432" value="C:\Program Files\Common Files"/>
    <property name="ProgramFiles" value="C:\Program Files"/>
    <property name="OnlineServices" value="Online Services"/>
    <property name="PROMPT" value="$P$G"/>
    <property name="user.language" value="en"/>
    <property name="JOB_BASE_NAME" value="FreeCRMJob_Local"/>
    <property name="RUN_CHANGES_DISPLAY_URL" value="http://localhost:8080/job/FreeCRMJob_Local/9/display/redirect?page=changes"/>
    <property name="BUILD_DISPLAY_NAME" value="#9"/>
    <property name="OneDrive" value="C:\Users\utpalforever\OneDrive"/>
    <property name="sun.boot.library.path" value="C:\Program Files\Java\jre1.8.0_212\bin"/>
    <property name="LOCALAPPDATA" value="C:\Users\utpalforever\AppData\Local"/>
    <property name="java.version" value="1.8.0_212"/>
    <property name="PROCESSOR_LEVEL" value="6"/>
    <property name="user.timezone" value="Asia/Calcutta"/>
    <property name="USERNAME" value="utpalforever"/>
    <property name="sun.arch.data.model" value="64"/>
    <property name="NODE_NAME" value="master"/>
    <property name="java.endorsed.dirs" value="C:\Program Files\Java\jre1.8.0_212\lib\endorsed"/>
    <property name="BUILD_ID" value="9"/>
    <property name="sun.cpu.isalist" value="amd64"/>
    <property name="sun.jnu.encoding" value="Cp1252"/>
    <property name="file.encoding.pkg" value="sun.io"/>
    <property name="file.separator" value="\"/>
    <property name="java.specification.name" value="Java Platform API Specification"/>
    <property name="HOMEDRIVE" value="C:"/>
    <property name="maven.conf" value="C:\Users\utpalforever\.jenkins\tools\hudson.tasks.Maven_MavenInstallation\FreeCRMMaven\conf"/>
    <property name="java.class.version" value="52.0"/>
    <property name="=::" value="::\"/>
    <property name="org.slf4j.simpleLogger.defaultLogLevel" value="info"/>
    <property name="user.country" value="IN"/>
    <property name="ALLUSERSPROFILE" value="C:\ProgramData"/>
    <property name="java.home" value="C:\Program Files\Java\jre1.8.0_212"/>
    <property name="java.vm.info" value="mixed mode"/>
    <property name="os.version" value="10.0"/>
    <property name="RUN_DISPLAY_URL" value="http://localhost:8080/job/FreeCRMJob_Local/9/display/redirect"/>
    <property name="POM_VERSION" value="0.0.1-SNAPSHOT"/>
    <property name="TMP" value="C:\Users\UTPALF~1\AppData\Local\Temp"/>
    <property name="path.separator" value=";"/>
    <property name="java.vm.version" value="25.212-b10"/>
    <property name="user.variant" value=""/>
    <property name="JOB_DISPLAY_URL" value="http://localhost:8080/job/FreeCRMJob_Local/display/redirect"/>
    <property name="Platform" value="MCD"/>
    <property name="CommonProgramFiles(x86)" value="C:\Program Files (x86)\Common Files"/>
    <property name="USERDOMAIN_ROAMINGPROFILE" value="Utpal"/>
    <property name="java.awt.printerjob" value="sun.awt.windows.WPrinterJob"/>
    <property name="FP_NO_HOST_CHECK" value="NO"/>
    <property name="sun.io.unicode.encoding" value="UnicodeLittle"/>
    <property name="CommonProgramFiles" value="C:\Program Files\Common Files"/>
    <property name="ComSpec" value="C:\WINDOWS\system32\cmd.exe"/>
    <property name="awt.toolkit" value="sun.awt.windows.WToolkit"/>
    <property name="HOMEPATH" value="\Users\utpalforever"/>
    <property name="POM_PACKAGING" value="jar"/>
    <property name="user.script" value=""/>
    <property name="COMPUTERNAME" value="UTPAL"/>
    <property name="POM_GROUPID" value="POM_Approach_Design"/>
    <property name="user.home" value="C:\Users\utpalforever"/>
    <property name="PUBLIC" value="C:\Users\Public"/>
    <property name="BUILD_TAG" value="jenkins-FreeCRMJob_Local-9"/>
    <property name="JENKINS_SERVER_COOKIE" value="ce0b5cc2344a6f6c"/>
    <property name="=E:" value="E:\Shiv@1008\SeleniumBackEnd\Jenkins"/>
    <property name="HUDSON_URL" value="http://localhost:8080/"/>
    <property name="ProgramData" value="C:\ProgramData"/>
    <property name="java.specification.vendor" value="Oracle Corporation"/>
    <property name="USERPROFILE" value="C:\Users\utpalforever"/>
    <property name="CLASSPATH" value=""/>
    <property name="java.vendor.url" value="http://java.oracle.com/"/>
    <property name="java.library.path" value="C:\Program Files (x86)\Common Files\Oracle\Java\javapath;C:\WINDOWS\Sun\Java\bin;C:\WINDOWS\system32;C:\WINDOWS;C:\Users\utpalforever\.jenkins\tools\hudson.tasks.Maven_MavenInstallation\FreeCRMMaven/bin;C:\Program Files (x86)\Common Files\Oracle\Java\javapath;C:\Program Files (x86)\NVIDIA Corporation\PhysX\Common;C:\WINDOWS\system32;C:\WINDOWS;C:\WINDOWS\System32\Wbem;C:\WINDOWS\System32\WindowsPowerShell\v1.0\;C:\Program Files\Hewlett-Packard\SimplePass\;C:\Program Files (x86)\Windows Live\Shared;C:\WINDOWS\System32\OpenSSH\;C:\Program Files\Java\jdk1.8.0_212\bin;C:\Program Files\Git\cmd;C:\Users\utpalforever\AppData\Local\Microsoft\WindowsApps;;."/>
    <property name="java.vm.vendor" value="Oracle Corporation"/>
    <property name="APPDATA" value="C:\Users\utpalforever\AppData\Roaming"/>
    <property name="java.runtime.name" value="Java(TM) SE Runtime Environment"/>
    <property name="maven.home" value="C:\Users\utpalforever\.jenkins\tools\hudson.tasks.Maven_MavenInstallation\FreeCRMMaven"/>
    <property name="java.class.path" value="C:\Users\utpalforever\.jenkins\plugins\maven-plugin\WEB-INF\lib\maven35-agent-1.13.jar;C:\Users\utpalforever\.jenkins\tools\hudson.tasks.Maven_MavenInstallation\FreeCRMMaven\boot\plexus-classworlds-2.6.0.jar;C:\Users\utpalforever\.jenkins\tools\hudson.tasks.Maven_MavenInstallation\FreeCRMMaven/conf/logging"/>
    <property name="sun.java.command" value="jenkins.maven3.agent.Maven35Main C:\Users\utpalforever\.jenkins\tools\hudson.tasks.Maven_MavenInstallation\FreeCRMMaven C:\Users\utpalforever\.jenkins\war\WEB-INF\lib\remoting-3.36.jar C:\Users\utpalforever\.jenkins\plugins\maven-plugin\WEB-INF\lib\maven35-interceptor-1.13.jar C:\Users\utpalforever\.jenkins\plugins\maven-plugin\WEB-INF\lib\maven3-interceptor-commons-1.13.jar 59440"/>
    <property name="Path" value="C:\Program Files (x86)\Common Files\Oracle\Java\javapath;C:\Program Files (x86)\NVIDIA Corporation\PhysX\Common;C:\WINDOWS\system32;C:\WINDOWS;C:\WINDOWS\System32\Wbem;C:\WINDOWS\System32\WindowsPowerShell\v1.0\;C:\Program Files\Hewlett-Packard\SimplePass\;C:\Program Files (x86)\Windows Live\Shared;C:\WINDOWS\System32\OpenSSH\;C:\Program Files\Java\jdk1.8.0_212\bin;C:\Program Files\Git\cmd;C:\Users\utpalforever\AppData\Local\Microsoft\WindowsApps;"/>
    <property name="java.vm.specification.name" value="Java Virtual Machine Specification"/>
    <property name="PROCESSOR_ARCHITECTURE" value="AMD64"/>
    <property name="PROCESSOR_IDENTIFIER" value="Intel64 Family 6 Model 69 Stepping 1, GenuineIntel"/>
    <property name="SESSIONNAME" value="Console"/>
    <property name="java.vm.specification.version" value="1.8"/>
    <property name="sun.os.patch.level" value=""/>
    <property name="sun.cpu.endian" value="little"/>
    <property name="M2_HOME" value="C:\Users\utpalforever\.jenkins\tools\hudson.tasks.Maven_MavenInstallation\FreeCRMMaven"/>
    <property name="java.io.tmpdir" value="C:\Users\UTPALF~1\AppData\Local\Temp\"/>
    <property name="OS" value="Windows_NT"/>
    <property name="HUDSON_HOME" value="C:\Users\utpalforever\.jenkins"/>
    <property name="PATH+MAVEN" value="C:\Users\utpalforever\.jenkins\tools\hudson.tasks.Maven_MavenInstallation\FreeCRMMaven/bin"/>
    <property name="ProgramFiles(x86)" value="C:\Program Files (x86)"/>
    <property name="BUILD_URL" value="http://localhost:8080/job/FreeCRMJob_Local/9/"/>
    <property name="java.vendor.url.bug" value="http://bugreport.sun.com/bugreport/"/>
    <property name="java.awt.graphicsenv" value="sun.awt.Win32GraphicsEnvironment"/>
    <property name="os.arch" value="amd64"/>
    <property name="SystemRoot" value="C:\WINDOWS"/>
    <property name="java.ext.dirs" value="C:\Program Files\Java\jre1.8.0_212\lib\ext;C:\WINDOWS\Sun\Java\lib\ext"/>
    <property name="user.dir" value="E:\Prep\POM_Approach"/>
    <property name="JOB_URL" value="http://localhost:8080/job/FreeCRMJob_Local/"/>
    <property name="LOGONSERVER" value="\\UTPAL"/>
    <property name="USERDOMAIN" value="Utpal"/>
    <property name="line.separator" value="
"/>
    <property name="MAVEN_HOME" value="C:\Users\utpalforever\.jenkins\tools\hudson.tasks.Maven_MavenInstallation\FreeCRMMaven"/>
    <property name="java.vm.name" value="Java HotSpot(TM) 64-Bit Server VM"/>
    <property name="BUILD_NUMBER" value="9"/>
    <property name="JENKINS_URL" value="http://localhost:8080/"/>
    <property name="PROCESSOR_REVISION" value="4501"/>
    <property name="ProgramW6432" value="C:\Program Files"/>
    <property name="windir" value="C:\WINDOWS"/>
    <property name="PCBRAND" value="Pavilion"/>
    <property name="=C:" value="C:\Users\utpalforever"/>
    <property name="file.encoding" value="Cp1252"/>
    <property name="SystemDrive" value="C:"/>
    <property name="maven3.interceptor" value="C:\Users\utpalforever\.jenkins\plugins\maven-plugin\WEB-INF\lib\maven35-interceptor-1.13.jar"/>
    <property name="WORKSPACE" value="C:\Users\utpalforever\.jenkins\workspace\FreeCRMJob_Local"/>
    <property name="maven3.interceptor.common" value="C:\Users\utpalforever\.jenkins\plugins\maven-plugin\WEB-INF\lib\maven3-interceptor-commons-1.13.jar"/>
    <property name="java.specification.version" value="1.8"/>
    <property name="PSModulePath" value="C:\WINDOWS\system32\WindowsPowerShell\v1.0\Modules\"/>
    <property name="DriverData" value="C:\Windows\System32\Drivers\DriverData"/>
  </properties>
  <testcase classname="freeCrm.testCases.ContactsPageTest" name="validateContactsPageLabelTest" time="1.68"/>
  <testcase classname="freeCrm.testCases.ContactsPageTest" name="checkboxContactsByNameTest" time="1.26"/>
  <testcase classname="freeCrm.testCases.HomePageTest" name="homePageTitleTest" time="0.019"/>
  <testcase classname="freeCrm.testCases.HomePageTest" name="userNameTextTest" time="2.548"/>
  <testcase classname="freeCrm.testCases.HomePageTest" name="calendarLinkTest" time="2.043"/>
  <testcase classname="freeCrm.testCases.HomePageTest" name="clickOncontactsLinkTest" time="5.38"/>
  <testcase classname="freeCrm.testCases.LoginPageTest" name="loginPageTitleTest" time="0.316"/>
  <testcase classname="freeCrm.testCases.LoginPageTest" name="crmLogoTest" time="0.668"/>
  <testcase classname="freeCrm.testCases.LoginPageTest" name="signUpLinkTest" time="0.562"/>
  <testcase classname="freeCrm.testCases.LoginPageTest" name="loginTest" time="5.878"/>
</testsuite>