<?xml version="1.0" encoding="UTF-8"?>
<!-- Generated by org.testng.reporters.JUnitReportReporter -->
<testsuite skipped="0" hostname="Utpal" name="freeCrm.testCases.LoginPageTest" tests="4" failures="0" timestamp="2019-12-03T23:38:16 IST" time="133.673" errors="0">
  <testcase name="loginPageTitleTest" time="35.492" classname="freeCrm.testCases.LoginPageTest"/>
  <testcase name="crmLogoTest" time="25.713" classname="freeCrm.testCases.LoginPageTest"/>
  <testcase name="signUpLinkTest" time="29.896" classname="freeCrm.testCases.LoginPageTest"/>
  <testcase name="loginTest" time="42.572" classname="freeCrm.testCases.LoginPageTest"/>
</testsuite> <!-- freeCrm.testCases.LoginPageTest -->
