<?xml version="1.0" encoding="UTF-8"?>
<!-- Generated by org.testng.reporters.JUnitReportReporter -->
<testsuite skipped="0" hostname="Utpal" name="freeCrm.testCases.HomePageTest" tests="4" failures="0" timestamp="2019-12-08T09:04:48 IST" time="94.996" errors="0">
  <testcase name="clickOncalendarLinkTest" time="27.247" classname="freeCrm.testCases.HomePageTest"/>
  <testcase name="homePageTitleTest" time="21.650" classname="freeCrm.testCases.HomePageTest"/>
  <testcase name="userNameTextTest" time="23.179" classname="freeCrm.testCases.HomePageTest"/>
  <testcase name="calendarLinkTest" time="22.920" classname="freeCrm.testCases.HomePageTest"/>
</testsuite> <!-- freeCrm.testCases.HomePageTest -->
