<?xml version="1.0" encoding="UTF-8"?>
<!-- Generated by org.testng.reporters.JUnitReportReporter -->
<testsuite skipped="0" hostname="Utpal" name="freeCrm.testCases.LoginPageTest" tests="4" failures="0" timestamp="2019-12-08T20:14:01 IST" time="84.277" errors="0">
  <testcase name="loginPageTitleTest" time="21.480" classname="freeCrm.testCases.LoginPageTest"/>
  <testcase name="crmLogoTest" time="17.280" classname="freeCrm.testCases.LoginPageTest"/>
  <testcase name="signUpLinkTest" time="19.457" classname="freeCrm.testCases.LoginPageTest"/>
  <testcase name="loginTest" time="26.060" classname="freeCrm.testCases.LoginPageTest"/>
</testsuite> <!-- freeCrm.testCases.LoginPageTest -->
