<?xml version="1.0" encoding="UTF-8"?>
<!-- Generated by org.testng.reporters.JUnitReportReporter -->
<testsuite skipped="0" hostname="Utpal" name="freeCrm.testCases.ContactsPageTest" tests="1" failures="0" timestamp="2019-12-08T21:54:08 IST" time="42.391" errors="0">
  <testcase name="checkboxContactsByNameTest" time="42.391" classname="freeCrm.testCases.ContactsPageTest"/>
</testsuite> <!-- freeCrm.testCases.ContactsPageTest -->
