<?xml version="1.0" encoding="UTF-8"?>
<!-- Generated by org.testng.reporters.JUnitReportReporter -->
<testsuite skipped="0" hostname="Utpal" name="freeCrm.testCases.ContactsPageTest" tests="1" failures="0" timestamp="2020-01-04T12:25:16 IST" time="47.920" errors="0">
  <testcase name="createNewContactTest" time="47.920" classname="freeCrm.testCases.ContactsPageTest"/>
</testsuite> <!-- freeCrm.testCases.ContactsPageTest -->
