<?xml version="1.0" encoding="UTF-8"?>
<!-- Generated by org.testng.reporters.JUnitReportReporter -->
<testsuite skipped="0" hostname="Utpal" name="freeCrm.testCases.LoginPageTest" tests="4" failures="0" timestamp="2019-12-13T10:32:45 IST" time="70.461" errors="0">
  <testcase name="loginPageTitleTest" time="16.478" classname="freeCrm.testCases.LoginPageTest"/>
  <testcase name="crmLogoTest" time="15.974" classname="freeCrm.testCases.LoginPageTest"/>
  <testcase name="signUpLinkTest" time="16.388" classname="freeCrm.testCases.LoginPageTest"/>
  <testcase name="loginTest" time="21.621" classname="freeCrm.testCases.LoginPageTest"/>
</testsuite> <!-- freeCrm.testCases.LoginPageTest -->
