<?xml version="1.0" encoding="UTF-8"?>
<!-- Generated by org.testng.reporters.JUnitReportReporter -->
<testsuite skipped="0" hostname="Utpal" name="freeCrm.testCases.HomePageTest" tests="4" failures="0" timestamp="2019-12-13T10:32:45 IST" time="112.703" errors="0">
  <testcase name="homePageTitleTest" time="33.682" classname="freeCrm.testCases.HomePageTest"/>
  <testcase name="userNameTextTest" time="23.803" classname="freeCrm.testCases.HomePageTest"/>
  <testcase name="calendarLinkTest" time="27.502" classname="freeCrm.testCases.HomePageTest"/>
  <testcase name="clickOncontactsLinkTest" time="27.716" classname="freeCrm.testCases.HomePageTest"/>
</testsuite> <!-- freeCrm.testCases.HomePageTest -->
