<?xml version="1.0" encoding="UTF-8"?>
<!-- Generated by org.testng.reporters.JUnitReportReporter -->
<testsuite skipped="0" hostname="Utpal" name="freeCrm.testCases.ContactsPageTest" tests="2" failures="0" timestamp="2019-12-13T10:32:45 IST" time="118.354" errors="0">
  <testcase name="validateContactsPageLabelTest" time="75.840" classname="freeCrm.testCases.ContactsPageTest"/>
  <testcase name="checkboxContactsByNameTest" time="42.514" classname="freeCrm.testCases.ContactsPageTest"/>
</testsuite> <!-- freeCrm.testCases.ContactsPageTest -->
